<?xml version="1.0" encoding="utf-8"?><testsuites><testsuite name="pytest" errors="0" failures="0" skipped="1" tests="3" time="0.655" timestamp="2026-03-04T08:52:39.803291" hostname="lucasnote"><testcase classname="robot_sim.test.test_copyright" name="test_copyright" time="0.001"><skipped type="pytest.skip" message="No copyright header has been placed in the generated source file.">/home/shini/ros2_ws/src/robot_sim/test/test_copyright.py:20: No copyright header has been placed in the generated source file.</skipped></testcase><testcase classname="robot_sim.test.test_flake8" name="test_flake8" time="0.333" /><testcase classname="robot_sim.test.test_pep257" name="test_pep257" time="0.120" /></testsuite></testsuites>